2018-02-16 07:00  3.574 MHz  FT8
AL4Y : AL - Alaska -  0727Z
 2018-03-07 07:19  3.574 MHz  FT8
KL7QW : KL - Alaska -  0719Z
2018-03-07 07:19  3.574 MHz  FT8
 2018-03-07 07:20  7.074 MHz  FT8
 2018-03-07 08:41  7.074 MHz  FT8
2018-03-07 08:41  7.074 MHz  FT8
2018-03-10 01:26  7.074 MHz  FT8
2018-03-10 01:27  3.574 MHz  FT8
2018-03-10 01:46  7.074 MHz  FT8
2018-04-06 17:50  7.074 MHz  FT8
2018-04-06 17:52  7.074 MHz  FT8
2018-04-06 17:53  14.074 MHz  FT8
VY2JB : VY - Canada -  1754Z
2018-04-06 17:53  14.074 MHz  FT8
VY2JB : VY - Canada -  1758Z
WL7CG : WL - Alaska -  1819Z
B4 : B - China -  1838Z
VO1CBL : VO - Canada -  1851Z
J35X : J3 - Grenada -  1904Z
NL5L : NL - Alaska -  1904Z
ER3DX : ER - Moldova -  1909Z
5B4AMM : 5B - Cyprus -  1910Z
-13 1958
2018-04-06 20:02  21.074 MHz  FT8
2018-04-06 20:03  7.074 MHz  FT8
2018-04-06 20:05  10.136 MHz  FT8
2018-04-06 20:07  14.074 MHz  FT8
SV9CVY : SV9 - Crete -  2011Z
KP2L : KP2 - Virgin Is. -  2123Z
VY2HH : VY - Canada -  2136Z
9G5ZS : 9G - Ghana -  2143Z
6Y5SGD : 6Y - Jamaica -  2147Z
KL7OZ : KL - Alaska -  2207Z
WL7SJ : WL - Alaska -  2303Z
5V1JE : 5V - Togo -  2342Z
2018-04-07 00:00  14.074 MHz  FT8
YS1CJA : YS - El Salvador -  0046Z
2018-04-07 01:17  7.074 MHz  FT8
CP4MG : CP - Bolivia -  0141Z
RA4RT : RA4-RI4 - European Russia -  0147Z
PJ4NX : PJ - St Maarten France -  0158Z
CT3HY : CT3 - Madeira Is. -  0202Z
RA4LY : RA4-RI4 - European Russia -  0206Z
UA3GPM : UA3-UI3 - European Russia -  0223Z
UA3PAB : UA3-UI3 - European Russia -  0242Z
DXAA5AT : DU-DZ - Philippines -  0302Z
KL2D : KL - Alaska -  0302Z
KL7YK : KL - Alaska -  0305Z
6W/IV3FSG : 6V-6W - Senegal -  0352Z
VO1CRP : VO - Canada -  0406Z
AL7LO : AL - Alaska -  0410Z
5W1SA : 5W - Western Samoa -  0628Z
FO5QB : FO - French Polynesia -  0746Z
VO2NS : VO - Canada -  1138Z
BV1EK : BU-BX - Taiwan -  1208Z
BA7IO : B - China -  1212Z
2018-04-07 13:00  14.074 MHz  FT8
VP2ETE : VP2E - Anguilla -  1300Z
UA4FBG : UA4-UI4 - European Russia -  1300Z
RA3GK : RA3-RI3 - European Russia -  1300Z
VO1SA : VO - Canada -  1304Z
3W : 3W - Viet Nam -  1306Z
UA1OLM : UA1-UI1 - European Russia -  1310Z
VO1IRA : VO - Canada -  1312Z
UA4HAD : UA4-UI4 - European Russia -  1313Z
UA4PT : UA4-UI4 - European Russia -  1314Z
RG4D : RA4-RI4 - European Russia -  1316Z
RD3AAD : RA3-RI3 - European Russia -  1319Z
UA4P : UA4-UI4 - European Russia -  1326Z
UA3LLR : UA3-UI3 - European Russia -  1343Z
RA3NO : RA3-RI3 - European Russia -  1349Z
UB1WBI : UA1-UI1 - European Russia -  1353Z
UA3AJZ : UA3-UI3 - European Russia -  1400Z
UA1ANR : UA1-UI1 - European Russia -  1424Z
RA4HL : RA4-RI4 - European Russia -  1500Z
RA3THN : RA3-RI3 - European Russia -  1505Z
RA3S : RA3-RI3 - European Russia -  1517Z
UA1OIZ : UA1-UI1 - European Russia -  1518Z
RA3DI : RA3-RI3 - European Russia -  1527Z
RA3DGP : RA3-RI3 - European Russia -  1612Z
UA3ALE : UA3-UI3 - European Russia -  1617Z
UA1WCF : UA1-UI1 - European Russia -  1636Z
VO1LM : VO - Canada -  1643Z
GJ0KYZ : GJ - Jersey -  1812Z
ZD7JC : ZD7 - St. Helena -  1858Z
OD5YA : OD - Lebanon -  1912Z
9H5SN : 9H - Malta -  2027Z
OD5ZZ : OD - Lebanon -  2056Z
KL3MO : KL - Alaska -  2226Z
2018-04-08 00:00  14.074 MHz  FT8
2018-04-08 00:12  7.074 MHz  FT8
2018-04-08 00:12  7.074 MHz  FT8
6Y5SGD : 6Y - Jamaica -  1151Z
2018-04-08 12:06  14.074 MHz  FT8
2018-04-08 12:07  10.136 MHz  FT8
2018-04-08 12:06  14.074 MHz  FT8
2018-04-08 12:07  10.136 MHz  FT8
2018-04-08 12:13  14.074 MHz  FT8
2018-04-08 12:14  7.074 MHz  FT8
